{
  "RSpec": {
    "coverage": {
      "/Users/Gurusundesh/turing/1module/hyde/lib/structure.rb": [
        1,
        null,
        1,
        null,
        1,
        11,
        1,
        null,
        10,
        10,
        10,
        null,
        null,
        null,
        1,
        10,
        20,
        null,
        10,
        60,
        null,
        null,
        null,
        1,
        10,
        10,
        40,
        null,
        10,
        null,
        null,
        null,
        1,
        1,
        1,
        1,
        null,
        null,
        1,
        1,
        1,
        null,
        null
      ],
      "/Users/Gurusundesh/turing/1module/hyde/lib/output.rb": [
        1,
        1,
        1,
        1,
        1,
        1,
        1,
        null,
        null,
        1,
        null,
        1,
        null,
        1,
        0,
        0,
        null,
        0,
        0,
        0,
        0,
        null,
        null,
        null,
        1,
        7,
        28,
        null,
        7,
        21,
        null,
        null,
        null,
        1,
        1,
        0,
        0,
        null,
        null,
        null,
        1,
        1,
        3,
        3,
        3,
        3,
        null,
        null,
        null,
        1,
        3,
        3,
        null,
        null,
        1,
        4,
        4,
        null,
        null,
        null,
        null,
        null,
        null,
        null,
        null
      ],
      "/Users/Gurusundesh/turing/1module/hyde/lib/haml_and_sass_converter.rb": [
        1,
        null,
        1,
        1,
        1,
        1,
        1,
        1,
        1,
        null,
        null,
        null,
        1,
        1,
        1,
        1,
        1,
        1,
        1,
        null,
        null,
        null,
        null
      ],
      "/Users/Gurusundesh/turing/1module/hyde/test/structure_test.rb": [
        1,
        1,
        1,
        1,
        1,
        1,
        null,
        1,
        null,
        1,
        null,
        null,
        null,
        1,
        5,
        5,
        5,
        null,
        null,
        1,
        null,
        1,
        1,
        null,
        null,
        1,
        1,
        1,
        1,
        1,
        1,
        1,
        null,
        null,
        1,
        null,
        1,
        1,
        null,
        null,
        1,
        1,
        1,
        1,
        1,
        1,
        null,
        null,
        1,
        2,
        null,
        null,
        1,
        1,
        1,
        null,
        1,
        1,
        1,
        1,
        null,
        null,
        null,
        null
      ]
    },
    "timestamp": 1456438644
  },
  "Unit Tests": {
    "coverage": {
      "/Users/jonathanbernesser/Turing/1module/hyde/lib/structure.rb": [
        1,
        null,
        1,
        null,
        1,
        4,
        1,
        null,
        3,
        3,
        3,
        null,
        null,
        null,
        1,
        3,
        6,
        null,
        3,
        18,
        null,
        null,
        null,
        1,
        3,
        3,
        12,
        null,
        3,
        null,
        null,
        1,
        1,
        1,
        1,
        null,
        null,
        1,
        1,
        1,
        null,
        null
      ]
    },
    "timestamp": 1456447521
  }
}
